<?xml version="1.0" encoding="UTF-8"?>
<!-- Generated by org.testng.reporters.JUnitReportReporter -->
<testsuite hostname="Mariya-Laptop" failures="0" tests="1" name="selenium.AnnotationSample" time="0.021" errors="0" timestamp="2023-09-28T22:38:34 EDT" skipped="0">
  <testcase classname="selenium.AnnotationSample" name="methodTest" time="0.021"/>
</testsuite> <!-- selenium.AnnotationSample -->
