<?xml version="1.0" encoding="UTF-8"?>
<!-- Generated by org.testng.reporters.JUnitReportReporter -->
<testsuite hostname="Mariya-Laptop" failures="0" tests="1" name="selenium.DatePicker" time="8.930" errors="0" timestamp="2023-08-19T04:16:52 EDT" skipped="0">
  <testcase classname="selenium.DatePicker" name="Method" time="8.930"/>
</testsuite> <!-- selenium.DatePicker -->
