<?xml version="1.0" encoding="UTF-8"?>
<!-- Generated by org.testng.reporters.JUnitReportReporter -->
<testsuite hostname="Mariya-Laptop" failures="0" tests="1" name="selenium.ClassB" time="63.739" errors="0" timestamp="2023-02-05T14:09:59 EST" skipped="0">
  <testcase classname="selenium.ClassB" name="method1" time="63.739"/>
  <system-out/>
</testsuite> <!-- selenium.ClassB -->
