<?xml version="1.0" encoding="UTF-8"?>
<!-- Generated by org.testng.reporters.JUnitReportReporter -->
<testsuite hostname="Mariya-Laptop" failures="0" tests="1" name="selenium.Actions" time="3.686" errors="0" timestamp="2023-01-07T16:33:54 EST" skipped="0">
  <testcase classname="selenium.Actions" name="method1" time="3.686"/>
  <system-out/>
</testsuite> <!-- selenium.Actions -->
