<?xml version="1.0" encoding="UTF-8"?>
<!-- Generated by org.testng.reporters.JUnitReportReporter -->
<testsuite hostname="Mariya-Laptop" failures="0" tests="1" name="selenium.Alertexample" time="57.916" errors="0" timestamp="2023-05-19T19:25:06 EDT" skipped="0">
  <testcase classname="selenium.Alertexample" name="method1" time="57.916"/>
  <system-out/>
</testsuite> <!-- selenium.Alertexample -->
