<?xml version="1.0" encoding="UTF-8"?>
<!-- Generated by org.testng.reporters.JUnitReportReporter -->
<testsuite hostname="Mariya-Laptop" failures="0" tests="1" name="selenium.WindowHandle" time="34.851" errors="0" timestamp="2023-01-12T03:47:05 EST" skipped="0">
  <testcase classname="selenium.WindowHandle" name="method" time="34.851"/>
  <system-out/>
</testsuite> <!-- selenium.WindowHandle -->
