<?xml version="1.0" encoding="UTF-8"?>
<!-- Generated by org.testng.reporters.JUnitReportReporter -->
<testsuite hostname="Mariya-Laptop" failures="0" tests="1" name="selenium.Alertexample" time="8.875" errors="0" timestamp="2023-09-28T22:38:34 EDT" skipped="0">
  <testcase classname="selenium.Alertexample" name="method1" time="8.875"/>
</testsuite> <!-- selenium.Alertexample -->
