<?xml version="1.0" encoding="UTF-8"?>
<!-- Generated by org.testng.reporters.JUnitReportReporter -->
<testsuite hostname="Mariya-Laptop" failures="0" tests="1" name="selenium.FacebookLogin" time="17.552" errors="0" timestamp="2023-05-19T19:13:38 EDT" skipped="0">
  <testcase classname="selenium.FacebookLogin" name="login" time="17.552"/>
  <system-out/>
</testsuite> <!-- selenium.FacebookLogin -->
