<?xml version="1.0" encoding="UTF-8"?>
<!-- Generated by org.testng.reporters.JUnitReportReporter -->
<testsuite hostname="Mariya-Laptop" failures="0" tests="1" name="selenium.AnnotationSample" time="0.020" errors="0" timestamp="2023-01-11T02:22:40 EST" skipped="0">
  <testcase classname="selenium.AnnotationSample" name="methodTest" time="0.020"/>
  <system-out/>
</testsuite> <!-- selenium.AnnotationSample -->
