<?xml version="1.0" encoding="UTF-8"?>
<!-- Generated by org.testng.reporters.JUnitReportReporter -->
<testsuite hostname="Mariya-Laptop" failures="0" tests="1" name="robot.RobotSample" time="12.135" errors="0" timestamp="2023-05-19T12:33:28 EDT" skipped="0">
  <testcase classname="robot.RobotSample" name="rMethod" time="12.135"/>
  <system-out/>
</testsuite> <!-- robot.RobotSample -->
