<?xml version="1.0" encoding="UTF-8"?>
<!-- Generated by org.testng.reporters.JUnitReportReporter -->
<testsuite hostname="Mariya-Laptop" failures="0" tests="1" name="selenium.WindowHandles" time="24.076" errors="0" timestamp="2023-01-21T02:03:01 EST" skipped="0">
  <testcase classname="selenium.WindowHandles" name="method" time="24.076"/>
  <system-out/>
</testsuite> <!-- selenium.WindowHandles -->
