<?xml version="1.0" encoding="UTF-8"?>
<!-- Generated by org.testng.reporters.JUnitReportReporter -->
<testsuite hostname="Mariya-Laptop" failures="0" tests="1" name="restAssured.RestAssuredTest$GetTest" time="4.475" errors="0" timestamp="2023-10-08T15:16:37 EDT" skipped="0">
  <testcase classname="restAssured.RestAssuredTest$GetTest" name="postMethod" time="4.475"/>
</testsuite> <!-- restAssured.RestAssuredTest$GetTest -->
