<?xml version="1.0" encoding="UTF-8"?>
<!-- Generated by org.testng.reporters.JUnitReportReporter -->
<testsuite hostname="Mariya-Laptop" failures="0" tests="1" name="restAssuredTest.GetTest" time="4.352" errors="0" timestamp="2023-10-08T14:37:29 EDT" skipped="0">
  <testcase classname="restAssuredTest.GetTest" name="postMethod" time="4.352"/>
</testsuite> <!-- restAssuredTest.GetTest -->
