<?xml version="1.0" encoding="UTF-8"?>
<!-- Generated by org.testng.reporters.JUnitReportReporter -->
<testsuite hostname="Mariya-Laptop" failures="0" tests="1" name="excelFileExample.WritingExcel" time="0.901" errors="0" timestamp="2023-02-28T02:33:06 EST" skipped="0">
  <testcase classname="excelFileExample.WritingExcel" name="method" time="0.901"/>
  <system-out/>
</testsuite> <!-- excelFileExample.WritingExcel -->
