<?xml version="1.0" encoding="UTF-8"?>
<!-- Generated by org.testng.reporters.JUnitReportReporter -->
<testsuite hostname="Mariya-Laptop" failures="0" tests="1" name="selenium.TestClassDriver" time="2.279" errors="0" timestamp="2023-01-18T17:10:51 EST" skipped="0">
  <testcase classname="selenium.TestClassDriver" name="method" time="2.279"/>
  <system-out/>
</testsuite> <!-- selenium.TestClassDriver -->
