<?xml version="1.0" encoding="UTF-8"?>
<!-- Generated by org.testng.reporters.JUnitReportReporter -->
<testsuite hostname="Mariya-Laptop" failures="0" tests="1" name="selenium.DatePicker" time="28.237" errors="0" timestamp="2023-02-28T03:14:02 EST" skipped="0">
  <testcase classname="selenium.DatePicker" name="Method" time="28.237"/>
  <system-out/>
</testsuite> <!-- selenium.DatePicker -->
